{
  "ok": true,
  "engine": "experiment 5:nnue",
  "finished_at": "2026-05-13T13:20:03.128888Z",
  "baseline_model_path": "services/games/models/chess_experiment_5_nnue.json",
  "run_count": 1,
  "distill_hash": "89c8d2b8762f1abf3d3c4a8b838557f092448a1a9283e55ab1c0fc0261284898",
  "distill_config_hash": "dfbca138d5eff67f57229a1c5ac4d111603fe517e38f6c4909b9076bfb64d551",
  "heldout_path": "docs/games/2026-05-13_exp5_normal_retrain_smoke_v11/repeatability_gate/heldout_rows_exp5_03.jsonl",
  "smoke_path": "docs/games/2026-05-13_exp5_normal_retrain_smoke_v11/repeatability_gate/smoke_rows_exp5_03.jsonl",
  "heldout_count": 14,
  "smoke_case_count": 4,
  "repeatability": {
    "baseline_scores": [
      0.388889
    ],
    "candidate_scores": [
      0.388889
    ],
    "score_delta": [
      0.0
    ],
    "retrain_seconds": [
      0.0
    ],
    "mean_delta": 0.0,
    "min_delta": 0.0,
    "max_delta": 0.0,
    "std_delta": 0.0,
    "pass_count": 0,
    "run_count": 1
  },
  "tier": {
    "blocked": true,
    "stage_candidate": false,
    "shadow_candidate": false,
    "production_promote": false,
    "stage_reasons": [
      "all_runs_failed_stage",
      "not_all_runs_passed_stage"
    ],
    "shadow_reasons": [
      "benchmark_report_missing_for_shadow_or_production"
    ],
    "production_reasons": [
      "benchmark_report_missing_for_shadow_or_production"
    ],
    "stage_pass_count": 0,
    "shadow_pass_count": 0,
    "production_pass_count": 0,
    "pass_count": 0,
    "run_count": 1,
    "repeatability_delta": {
      "mean": 0.0,
      "min": 0.0,
      "max": 0.0,
      "std": 0.0,
      "pass_count": 0,
      "run_count": 1
    }
  },
  "results_root": "docs/games/2026-05-13_exp5_normal_retrain_smoke_v11/repeatability_gate",
  "runs": [
    {
      "run_index": 1,
      "seed": 31,
      "run_dir": "docs/games/2026-05-13_exp5_normal_retrain_smoke_v11/repeatability_gate/run_1_seed_31",
      "baseline_model_path": "services/games/models/chess_experiment_5_nnue.json",
      "candidate_model_path": "docs/games/2026-05-13_exp5_normal_retrain_smoke_v11/repeatability_gate/run_1_seed_31/candidate/chess_experiment_5_nnue.json",
      "baseline_hash": "88464dba7e3497e7be7474e0aae4272801fb2e98838985740e530f592f2ff992",
      "candidate_hash": "a16bed7c1f25da26189efe85c8dc6986b18642bbb4b54226023eff4027d1b5a6",
      "distill_hash": "685b9b9504d97e4aa04a79de306234e6ce039b10aa15bbd7653d8fbca4fe3e1f",
      "retrain_seconds": 0.0,
      "train_rows_count": 31,
      "heldout_rows_count": 14,
      "smoke_case_count": 4,
      "gate_pass": false,
      "candidate_can_be_staged": false,
      "candidate_can_be_shadowed": false,
      "candidate_can_be_production_promoted": false,
      "candidate_can_be_promoted": false,
      "stage_reasons": [
        "deterministic_case_pass_rate_too_low",
        "candidate_score_not_above_baseline"
      ],
      "shadow_reasons": [
        "benchmark_report_missing_for_shadow_or_production"
      ],
      "production_reasons": [
        "benchmark_report_missing_for_shadow_or_production"
      ],
      "baseline_score": 0.388889,
      "candidate_score": 0.388889,
      "score_delta": 0.0,
      "case_pass_rate": 0.3889,
      "legal_rate": 1.0,
      "suspicious_rate": 0.0,
      "tactic_score": 0.0,
      "endgame_score": 0.0,
      "smoke_score": 0.25,
      "case_summary": {
        "case_category_counts": {
          "unchanged_wrong": 10,
          "unchanged_correct": 7,
          "teacher_label_questionable": 1
        },
        "net_improvement_count": 0,
        "clean_net_improvement_count": 0,
        "heldout_net_improvement_count": 0,
        "clean_case_score_delta": 0.0,
        "review_case_score_delta": 0.0,
        "clean_only_strength_score": 0.666667,
        "smoke_case_count": 4
      },
      "regression": {
        "candidate_regressed_count": 0,
        "candidate_regressed_rate": 0.0,
        "max_allowed_regression_rate": 0.1,
        "passes_regression_budget": true,
        "regressed_cases": []
      },
      "train_learning": {
        "enabled": true,
        "train_rows": 31,
        "validation_rows": 0,
        "baseline_teacher_agreement_on_train": 0.451613,
        "candidate_teacher_agreement_on_train": 0.548387,
        "train_agreement_delta": 0.096774,
        "baseline_teacher_margin": -57.516129,
        "candidate_teacher_margin": -44.903226,
        "margin_delta": 12.612903,
        "rows": [
          {
            "fen": "5rk1/5n2/p7/3Q4/R7/7p/2R3pP/1r4K1 w - - 1 44",
            "side": "white",
            "teacher_move": "c2c1",
            "baseline_top_move": "g1f2",
            "candidate_top_move": "g1f2",
            "baseline_teacher_agreement": false,
            "candidate_teacher_agreement": false,
            "candidate_matches_teacher": false,
            "teacher_margin_before": -99.0,
            "teacher_margin_after": -91.0,
            "margin_delta": 8.0,
            "baseline_teacher_margin": -99.0,
            "candidate_teacher_margin": -91.0,
            "baseline_teacher_rank": 3,
            "candidate_teacher_rank": 3,
            "signatures": {
              "fen_hash": "daa9ab390c2317ffeaae5c9dc1891f2b55593361d4b9887c58f57937f0804374",
              "normalized_fen_hash": "9ac6d69c97e098814c2ec9ceb0f7a170dd607a9ac25a54ad008bfcda142fec9a",
              "side_to_move": "white"
            }
          },
          {
            "fen": "r4rk1/pp3pn1/5b2/2p5/2P1P3/3Q4/4NPBB/KN5R w - - 1 32",
            "side": "white",
            "teacher_move": "b1c3",
            "baseline_top_move": "b1c3",
            "candidate_top_move": "b1c3",
            "baseline_teacher_agreement": true,
            "candidate_teacher_agreement": true,
            "candidate_matches_teacher": true,
            "teacher_margin_before": 0.0,
            "teacher_margin_after": 0.0,
            "margin_delta": 0.0,
            "baseline_teacher_margin": 0.0,
            "candidate_teacher_margin": 0.0,
            "baseline_teacher_rank": 1,
            "candidate_teacher_rank": 1,
            "signatures": {
              "fen_hash": "17d4b339e2d596e578fa4d91ee850c79264aee09cdc3e0bd019a0a4dc0593e8a",
              "normalized_fen_hash": "4dddafbb4f4195ffc1d0ceeb9a30fce8ca2fe4bce624b23c0bd70af83ff1c2cc",
              "side_to_move": "white"
            }
          },
          {
            "fen": "4q2r/8/5k2/1pb2b1p/5PP1/5r2/P1P3K1/R6R b - - 2 25",
            "side": "black",
            "teacher_move": "e8e2",
            "baseline_top_move": "f3g3",
            "candidate_top_move": "f3g3",
            "baseline_teacher_agreement": false,
            "candidate_teacher_agreement": false,
            "candidate_matches_teacher": false,
            "teacher_margin_before": -47.0,
            "teacher_margin_after": -25.0,
            "margin_delta": 22.0,
            "baseline_teacher_margin": -47.0,
            "candidate_teacher_margin": -25.0,
            "baseline_teacher_rank": 3,
            "candidate_teacher_rank": 2,
            "signatures": {
              "fen_hash": "4256e59c82ec5140b2e495b5fc9560a0f088ff55f85f846fad9432fc6183fe03",
              "normalized_fen_hash": "1f1ba84ba45ec0a4f823ed793b737b682bf0d461ef689e4ebe722e112a205002",
              "side_to_move": "black"
            }
          },
          {
            "fen": "rnbqkb1r/pp1ppBpp/5n2/2p5/4P3/8/PPPP1PPP/RNBQK1NR b KQkq - 0 3",
            "side": "black",
            "teacher_move": "e8f7",
            "baseline_top_move": "e8f7",
            "candidate_top_move": "e8f7",
            "baseline_teacher_agreement": true,
            "candidate_teacher_agreement": true,
            "candidate_matches_teacher": true,
            "teacher_margin_before": 0.0,
            "teacher_margin_after": 0.0,
            "margin_delta": 0.0,
            "baseline_teacher_margin": 0.0,
            "candidate_teacher_margin": 0.0,
            "baseline_teacher_rank": 1,
            "candidate_teacher_rank": 1,
            "signatures": {
              "fen_hash": "68588d5d9ea074f28e3eb65afc3e604897361c5ea21e5f92058f09cf9686140d",
              "normalized_fen_hash": "e247253d54a0e7dbceaa04f9aae0be87535d5825c47ed392cb757aca93d4ae73",
              "side_to_move": "black"
            }
          },
          {
            "fen": "rnbq1b1r/pp1p1k1p/5pp1/2pQ4/8/8/PPPP1PPP/RNB1K1NR b KQ - 1 8",
            "side": "black",
            "teacher_move": "f7g7",
            "baseline_top_move": "f7e7",
            "candidate_top_move": "f7e7",
            "baseline_teacher_agreement": false,
            "candidate_teacher_agreement": false,
            "candidate_matches_teacher": false,
            "teacher_margin_before": -87.0,
            "teacher_margin_after": -86.0,
            "margin_delta": 1.0,
            "baseline_teacher_margin": -87.0,
            "candidate_teacher_margin": -86.0,
            "baseline_teacher_rank": 2,
            "candidate_teacher_rank": 2,
            "signatures": {
              "fen_hash": "d0589b246bd1e544bf0b08d0250e06ad7a2d094b5bc7b0ddaefc1028258496a2",
              "normalized_fen_hash": "f52a5237a9ffb8e10cd8917ba810a230248a68536785585424f749ff229bc47a",
              "side_to_move": "black"
            }
          },
          {
            "fen": "7r/8/7p/1p1nk1p1/b5P1/5NK1/PP5P/R4R2 b - - 1 29",
            "side": "black",
            "teacher_move": "e5e4",
            "baseline_top_move": "e5e4",
            "candidate_top_move": "e5e4",
            "baseline_teacher_agreement": true,
            "candidate_teacher_agreement": true,
            "candidate_matches_teacher": true,
            "teacher_margin_before": 0.0,
            "teacher_margin_after": 0.0,
            "margin_delta": 0.0,
            "baseline_teacher_margin": 0.0,
            "candidate_teacher_margin": 0.0,
            "baseline_teacher_rank": 1,
            "candidate_teacher_rank": 1,
            "signatures": {
              "fen_hash": "c722029527d75f6888beae4269c8806f6adc8342b79d29abab83b0d609960450",
              "normalized_fen_hash": "3ce5e82b44cd034fe0f440a2a487ae95eb87ddcbd2ffc99d9b73e2a2ced9f058",
              "side_to_move": "black"
            }
          },
          {
            "fen": "r4rk1/p4pn1/1p3b2/2p5/2P1P3/3Q4/K3NPBB/1N5R w - - 0 33",
            "side": "white",
            "teacher_move": "a2b3",
            "baseline_top_move": "a2b3",
            "candidate_top_move": "a2b3",
            "baseline_teacher_agreement": true,
            "candidate_teacher_agreement": true,
            "candidate_matches_teacher": true,
            "teacher_margin_before": 0.0,
            "teacher_margin_after": 0.0,
            "margin_delta": 0.0,
            "baseline_teacher_margin": 0.0,
            "candidate_teacher_margin": 0.0,
            "baseline_teacher_rank": 1,
            "candidate_teacher_rank": 1,
            "signatures": {
              "fen_hash": "93a8079e85b18ca44af62b4a2c62714e486ef3b7934136f94130751eae12658e",
              "normalized_fen_hash": "7adb32cc2a5ad5dceddcc1a2ec34f274ec452a57006abaace36cc1747539834b",
              "side_to_move": "white"
            }
          },
          {
            "fen": "4r1k1/8/8/8/2n5/4K3/3r4/8 w - - 12 60",
            "side": "white",
            "teacher_move": "e3f4",
            "baseline_top_move": "e3f3",
            "candidate_top_move": "e3f4",
            "baseline_teacher_agreement": false,
            "candidate_teacher_agreement": true,
            "candidate_matches_teacher": true,
            "teacher_margin_before": -39.0,
            "teacher_margin_after": 0.0,
            "margin_delta": 39.0,
            "baseline_teacher_margin": -39.0,
            "candidate_teacher_margin": 0.0,
            "baseline_teacher_rank": 2,
            "candidate_teacher_rank": 1,
            "signatures": {
              "fen_hash": "0a5872d7707ebe63b3e5f8101452f20390456a20fa21485ab8ffa9bff42ae3f8",
              "normalized_fen_hash": "ac6112db428bbb669e839e75f48038784eb2e0cb6e8da0eae6fd95c81511f187",
              "side_to_move": "white"
            }
          },
          {
            "fen": "1r6/pp5k/8/8/4p3/1QP5/N3p3/3K2n1 w - - 0 59",
            "side": "white",
            "teacher_move": "d1e1",
            "baseline_top_move": "d1d2",
            "candidate_top_move": "d1d2",
            "baseline_teacher_agreement": false,
            "candidate_teacher_agreement": false,
            "candidate_matches_teacher": false,
            "teacher_margin_before": -142.0,
            "teacher_margin_after": -134.0,
            "margin_delta": 8.0,
            "baseline_teacher_margin": -142.0,
            "candidate_teacher_margin": -134.0,
            "baseline_teacher_rank": 3,
            "candidate_teacher_rank": 3,
            "signatures": {
              "fen_hash": "88218e598bbbfd458dde2f8c814d71dea40e8373d979d059045496d6aa9d456e",
              "normalized_fen_hash": "d4e40f0f6be0a1e3766c0f35dde57fefa7507541d224b5032544a1fc9c8d9e90",
              "side_to_move": "white"
            }
          },
          {
            "fen": "3Q4/R4n1k/6pp/3pB3/1R6/3pK3/3P4/8 w - - 1 31",
            "side": "white",
            "teacher_move": "a7f7",
            "baseline_top_move": "a7f7",
            "candidate_top_move": "a7f7",
            "baseline_teacher_agreement": true,
            "candidate_teacher_agreement": true,
            "candidate_matches_teacher": true,
            "teacher_margin_before": 0.0,
            "teacher_margin_after": 0.0,
            "margin_delta": 0.0,
            "baseline_teacher_margin": 0.0,
            "candidate_teacher_margin": 0.0,
            "baseline_teacher_rank": 1,
            "candidate_teacher_rank": 1,
            "signatures": {
              "fen_hash": "fa383e16d42b0a9f7bae6c9a6aa25b5a5933d1d8ce55d0ff0f9e9f34231338b1",
              "normalized_fen_hash": "56be3fa1b598b6b91abba153fc5b22b43cddcb2cf9f163113e7510d2560120d6",
              "side_to_move": "white"
            }
          },
          {
            "fen": "r2qnrk1/pp2bppp/8/2p2Q2/2PpPB2/5N2/PP2NPPP/2KR1B1R w - - 0 12",
            "side": "white",
            "teacher_move": "a2a4",
            "baseline_top_move": "e2c3",
            "candidate_top_move": "f3e5",
            "baseline_teacher_agreement": false,
            "candidate_teacher_agreement": false,
            "candidate_matches_teacher": false,
            "teacher_margin_before": -161.0,
            "teacher_margin_after": -63.0,
            "margin_delta": 98.0,
            "baseline_teacher_margin": -161.0,
            "candidate_teacher_margin": -63.0,
            "baseline_teacher_rank": 8,
            "candidate_teacher_rank": 8,
            "signatures": {
              "fen_hash": "23975d4863bab7a96f7e09b659e56adb823ae037e7cb4cb53a4946c3253afe74",
              "normalized_fen_hash": "5d67442853a4638031cadfda97022180e4f075200917e33f8c0272ae6fce8c1a",
              "side_to_move": "white"
            }
          },
          {
            "fen": "r1bq3r/pppp1k1p/3b1p2/4p3/2PnP3/7N/PP1P1PPP/RNB2RK1 b - - 0 8",
            "side": "black",
            "teacher_move": "d4f3",
            "baseline_top_move": "d4f3",
            "candidate_top_move": "d4f3",
            "baseline_teacher_agreement": true,
            "candidate_teacher_agreement": true,
            "candidate_matches_teacher": true,
            "teacher_margin_before": 0.0,
            "teacher_margin_after": 0.0,
            "margin_delta": 0.0,
            "baseline_teacher_margin": 0.0,
            "candidate_teacher_margin": 0.0,
            "baseline_teacher_rank": 1,
            "candidate_teacher_rank": 1,
            "signatures": {
              "fen_hash": "144445becfeaa61fbe41b698c9fc8439bd5484254f9324388ddeec0b29670c29",
              "normalized_fen_hash": "c2029cc0b850107d64c6118313cc373562cefd823ba8b7de8aa1f3298e87ad87",
              "side_to_move": "black"
            }
          },
          {
            "fen": "3R4/5k1p/2p3b1/2P5/r1P5/P3r3/P3P3/5RK1 b - - 1 30",
            "side": "black",
            "teacher_move": "f7e7",
            "baseline_top_move": "g6f5",
            "candidate_top_move": "g6f5",
            "baseline_teacher_agreement": false,
            "candidate_teacher_agreement": false,
            "candidate_matches_teacher": false,
            "teacher_margin_before": -223.0,
            "teacher_margin_after": -222.0,
            "margin_delta": 1.0,
            "baseline_teacher_margin": -223.0,
            "candidate_teacher_margin": -222.0,
            "baseline_teacher_rank": 2,
            "candidate_teacher_rank": 2,
            "signatures": {
              "fen_hash": "a80dee35b410423e69f84ae568407a17e73182786e4cf5bab335375f2dce7842",
              "normalized_fen_hash": "bb66726586b7eef6a2dbcfcabbe5c0eb4df07126cc294d996a8d04c8b582b880",
              "side_to_move": "black"
            }
          },
          {
            "fen": "r3nrk1/pp2bpp1/8/2p2Q1p/2PpPB2/1P3N2/q1K1NPPP/3R1B1R w - - 3 17",
            "side": "white",
            "teacher_move": "c2c1",
            "baseline_top_move": "c2c1",
            "candidate_top_move": "c2c1",
            "baseline_teacher_agreement": true,
            "candidate_teacher_agreement": true,
            "candidate_matches_teacher": true,
            "teacher_margin_before": 0.0,
            "teacher_margin_after": 0.0,
            "margin_delta": 0.0,
            "baseline_teacher_margin": 0.0,
            "candidate_teacher_margin": 0.0,
            "baseline_teacher_rank": 1,
            "candidate_teacher_rank": 1,
            "signatures": {
              "fen_hash": "0a4bca1a480f4fe82b9173baab7d49362f89421e120ac312972ee8e74a1cdae6",
              "normalized_fen_hash": "3c2fdee9720646b5cf5043d850169bed0082abd91d6b4f7325f16bc3b4a3ebdf",
              "side_to_move": "white"
            }
          },
          {
            "fen": "1k1R4/8/2p3p1/2P5/2P1P3/6rr/P4K2/8 b - - 6 43",
            "side": "black",
            "teacher_move": "b8b7",
            "baseline_top_move": "b8b7",
            "candidate_top_move": "b8b7",
            "baseline_teacher_agreement": true,
            "candidate_teacher_agreement": true,
            "candidate_matches_teacher": true,
            "teacher_margin_before": 0.0,
            "teacher_margin_after": 0.0,
            "margin_delta": 0.0,
            "baseline_teacher_margin": 0.0,
            "candidate_teacher_margin": 0.0,
            "baseline_teacher_rank": 1,
            "candidate_teacher_rank": 1,
            "signatures": {
              "fen_hash": "707a202104e37c6fb1d6515a8d9f20013445cdd115895cad50a49dd8c5b8c5f3",
              "normalized_fen_hash": "93e96d31bc0512100ca0b560377a3a54ca8dccfd30f35fd29d8b3b87eb341441",
              "side_to_move": "black"
            }
          },
          {
            "fen": "3q1rk1/r5pp/p1p1pn2/3p4/1P1P1P2/7N/PP1N2PP/R4RK1 b - - 0 15",
            "side": "black",
            "teacher_move": "d8a5",
            "baseline_top_move": "d8c7",
            "candidate_top_move": "d8c7",
            "baseline_teacher_agreement": false,
            "candidate_teacher_agreement": false,
            "candidate_matches_teacher": false,
            "teacher_margin_before": -164.0,
            "teacher_margin_after": -120.0,
            "margin_delta": 44.0,
            "baseline_teacher_margin": -164.0,
            "candidate_teacher_margin": -120.0,
            "baseline_teacher_rank": 18,
            "candidate_teacher_rank": 14,
            "signatures": {
              "fen_hash": "6ceda34cde4f733e725e77bbf3658f33a2acc4cb2d1c7f82dd23832c48d1bb9b",
              "normalized_fen_hash": "ebfea26a59a0bf5cefd817ac8cd4ca343d8dd6a5925082296ef1fe9ae4c4c5bf",
              "side_to_move": "black"
            }
          },
          {
            "fen": "r1bq3r/pppp1k1p/3b1p2/4p3/2P1P3/7N/PP1P1PPP/RNR4K b - - 0 10",
            "side": "black",
            "teacher_move": "f6f5",
            "baseline_top_move": "c7c5",
            "candidate_top_move": "c7c5",
            "baseline_teacher_agreement": false,
            "candidate_teacher_agreement": false,
            "candidate_matches_teacher": false,
            "teacher_margin_before": -236.0,
            "teacher_margin_after": -142.0,
            "margin_delta": 94.0,
            "baseline_teacher_margin": -236.0,
            "candidate_teacher_margin": -142.0,
            "baseline_teacher_rank": 3,
            "candidate_teacher_rank": 3,
            "signatures": {
              "fen_hash": "554113b1b5f29b12e440833ffa3990f4c1b92f8857fbddb30f2fe5b522dc69da",
              "normalized_fen_hash": "3f018899f27db2b132d1e475f9b33cc452ea3eb04cde8473054f2789e7c061e7",
              "side_to_move": "black"
            }
          },
          {
            "fen": "8/pp5k/8/1r6/4p3/8/8/1K6 w - - 4 70",
            "side": "white",
            "teacher_move": "b1a2",
            "baseline_top_move": "b1a2",
            "candidate_top_move": "b1a2",
            "baseline_teacher_agreement": true,
            "candidate_teacher_agreement": true,
            "candidate_matches_teacher": true,
            "teacher_margin_before": 0.0,
            "teacher_margin_after": 0.0,
            "margin_delta": 0.0,
            "baseline_teacher_margin": 0.0,
            "candidate_teacher_margin": 0.0,
            "baseline_teacher_rank": 1,
            "candidate_teacher_rank": 1,
            "signatures": {
              "fen_hash": "682658fbeb936130e0bf7d284e035c386c3522fa1919ee994a209aae35725c5f",
              "normalized_fen_hash": "283f4c230d452df0af98dbc120e066472d50b5f0a23c0220cf2cb6d90d5ba79d",
              "side_to_move": "white"
            }
          },
          {
            "fen": "r3nrk1/pp2bpp1/8/2p2Q1p/2PpPB2/qP3N2/4NPPP/2KR1B1R w - - 1 16",
            "side": "white",
            "teacher_move": "c1c2",
            "baseline_top_move": "c1d2",
            "candidate_top_move": "c1d2",
            "baseline_teacher_agreement": false,
            "candidate_teacher_agreement": false,
            "candidate_matches_teacher": false,
            "teacher_margin_before": -122.0,
            "teacher_margin_after": -113.0,
            "margin_delta": 9.0,
            "baseline_teacher_margin": -122.0,
            "candidate_teacher_margin": -113.0,
            "baseline_teacher_rank": 3,
            "candidate_teacher_rank": 3,
            "signatures": {
              "fen_hash": "d3f87e8733b3c7d50b2a91f5fb2e480f5b71bc4c791f9885d1080c1fc53b5d30",
              "normalized_fen_hash": "cfdbef571ea23c07eff58b0ae59cff89273e8be373d0c84fab5c98d1a5109162",
              "side_to_move": "white"
            }
          },
          {
            "fen": "8/k2R4/2p3p1/2P5/2P1P3/6rr/P4K2/8 b - - 12 46",
            "side": "black",
            "teacher_move": "a7a6",
            "baseline_top_move": "a7b8",
            "candidate_top_move": "a7b8",
            "baseline_teacher_agreement": false,
            "candidate_teacher_agreement": false,
            "candidate_matches_teacher": false,
            "teacher_margin_before": -65.0,
            "teacher_margin_after": -65.0,
            "margin_delta": 0.0,
            "baseline_teacher_margin": -65.0,
            "candidate_teacher_margin": -65.0,
            "baseline_teacher_rank": 3,
            "candidate_teacher_rank": 3,
            "signatures": {
              "fen_hash": "cf0d03fab08b56811f0e2bbb7655047d263ead955b57001c8bc598bfb2048ed5",
              "normalized_fen_hash": "4b99fd6581ce10bdcfcb99d0587ac51aa39aaba809cca1e84148d727ec2fcf7a",
              "side_to_move": "black"
            }
          },
          {
            "fen": "rnb1k1nr/pppp1ppp/8/4p3/4P2q/2NB4/PPPP1KPP/R1BQ2NR w kq - 1 5",
            "side": "white",
            "teacher_move": "f2e3",
            "baseline_top_move": "g2g3",
            "candidate_top_move": "g2g3",
            "baseline_teacher_agreement": false,
            "candidate_teacher_agreement": false,
            "candidate_matches_teacher": false,
            "teacher_margin_before": -60.0,
            "teacher_margin_after": -40.0,
            "margin_delta": 20.0,
            "baseline_teacher_margin": -60.0,
            "candidate_teacher_margin": -40.0,
            "baseline_teacher_rank": 3,
            "candidate_teacher_rank": 2,
            "signatures": {
              "fen_hash": "1f475ce191d3e7b6f18d575dcad9997dfd011634fdf370ebd3827c3dd524e7b7",
              "normalized_fen_hash": "71a1aebc95189714d303e7572c59a9f84344241df6d101f2426f96c935fd466c",
              "side_to_move": "white"
            }
          },
          {
            "fen": "4r1k1/8/8/8/2n1K3/8/r7/8 w - - 6 57",
            "side": "white",
            "teacher_move": "e4d4",
            "baseline_top_move": "e4d4",
            "candidate_top_move": "e4d4",
            "baseline_teacher_agreement": true,
            "candidate_teacher_agreement": true,
            "candidate_matches_teacher": true,
            "teacher_margin_before": 0.0,
            "teacher_margin_after": 0.0,
            "margin_delta": 0.0,
            "baseline_teacher_margin": 0.0,
            "candidate_teacher_margin": 0.0,
            "baseline_teacher_rank": 1,
            "candidate_teacher_rank": 1,
            "signatures": {
              "fen_hash": "ee21640c24460194d2d4cd75347caa3bbce3e2a03a5a6b58022c908f072530b9",
              "normalized_fen_hash": "b40f386a2e0c20d201f25c1e8a945ff7c40b6cee22de222e5dce2984bcbd89ae",
              "side_to_move": "white"
            }
          },
          {
            "fen": "8/pp5k/8/8/4p3/1QN5/K2r4/8 w - - 3 66",
            "side": "white",
            "teacher_move": "a2a1",
            "baseline_top_move": "a2b1",
            "candidate_top_move": "a2b1",
            "baseline_teacher_agreement": false,
            "candidate_teacher_agreement": false,
            "candidate_matches_teacher": false,
            "teacher_margin_before": -31.0,
            "teacher_margin_after": -10.0,
            "margin_delta": 21.0,
            "baseline_teacher_margin": -31.0,
            "candidate_teacher_margin": -10.0,
            "baseline_teacher_rank": 3,
            "candidate_teacher_rank": 3,
            "signatures": {
              "fen_hash": "50753647aeb5305c5e4f16953fc63ee5d54109eb7229051227f8b4841b46b8de",
              "normalized_fen_hash": "b3656a4331d06e38ddaff801f378fbddd0a0330abcf4b7a6412c0848b6ebe427",
              "side_to_move": "white"
            }
          },
          {
            "fen": "r4rk1/5pn1/1p3b2/p1p5/2P1P3/3Q1P2/K5BB/1NN4R w - - 0 35",
            "side": "white",
            "teacher_move": "a2b3",
            "baseline_top_move": "a2b3",
            "candidate_top_move": "a2b3",
            "baseline_teacher_agreement": true,
            "candidate_teacher_agreement": true,
            "candidate_matches_teacher": true,
            "teacher_margin_before": 0.0,
            "teacher_margin_after": 0.0,
            "margin_delta": 0.0,
            "baseline_teacher_margin": 0.0,
            "candidate_teacher_margin": 0.0,
            "baseline_teacher_rank": 1,
            "candidate_teacher_rank": 1,
            "signatures": {
              "fen_hash": "cd6197310720c4c6657ccdfb1398d22882b387108cd614b5c7d5298e246ab7b0",
              "normalized_fen_hash": "3a3de35a89baae8cfb321cb82667fab4cd99316f85811ed583245734112899fd",
              "side_to_move": "white"
            }
          },
          {
            "fen": "1k4R1/8/8/rP1p4/8/8/P4N1K/8 b - - 3 43",
            "side": "black",
            "teacher_move": "b8b7",
            "baseline_top_move": "b8c7",
            "candidate_top_move": "b8b7",
            "baseline_teacher_agreement": false,
            "candidate_teacher_agreement": true,
            "candidate_matches_teacher": true,
            "teacher_margin_before": -3.0,
            "teacher_margin_after": 0.0,
            "margin_delta": 3.0,
            "baseline_teacher_margin": -3.0,
            "candidate_teacher_margin": 0.0,
            "baseline_teacher_rank": 2,
            "candidate_teacher_rank": 1,
            "signatures": {
              "fen_hash": "98e9de08acbe699f9bff63f645c443df3d48f8beff3e65d6a3ec0b2df0dd50e9",
              "normalized_fen_hash": "1d46d73959a6285848026416826632335fe4bdb0436b783276765b6791e10be3",
              "side_to_move": "black"
            }
          },
          {
            "fen": "8/8/k1p3p1/2P1P3/r1P2R2/7r/8/6K1 b - - 3 50",
            "side": "black",
            "teacher_move": "a4a1",
            "baseline_top_move": "a4a1",
            "candidate_top_move": "a4a1",
            "baseline_teacher_agreement": true,
            "candidate_teacher_agreement": true,
            "candidate_matches_teacher": true,
            "teacher_margin_before": 0.0,
            "teacher_margin_after": 0.0,
            "margin_delta": 0.0,
            "baseline_teacher_margin": 0.0,
            "candidate_teacher_margin": 0.0,
            "baseline_teacher_rank": 1,
            "candidate_teacher_rank": 1,
            "signatures": {
              "fen_hash": "bef3c80969695882f9245acb19abd7b87ce6e521be02f5b5f1784f4fd8282375",
              "normalized_fen_hash": "48971805db03b0d490d18bc55108b34f9418dbbc3543dd9890d4d60b61e4a3cd",
              "side_to_move": "black"
            }
          },
          {
            "fen": "rnbqk2r/ppp2ppp/5n2/1B1p4/1P1P4/8/PP3PPP/RNBQK1NR b KQkq - 2 6",
            "side": "black",
            "teacher_move": "b8c6",
            "baseline_top_move": "b8c6",
            "candidate_top_move": "b8c6",
            "baseline_teacher_agreement": true,
            "candidate_teacher_agreement": true,
            "candidate_matches_teacher": true,
            "teacher_margin_before": 0.0,
            "teacher_margin_after": 0.0,
            "margin_delta": 0.0,
            "baseline_teacher_margin": 0.0,
            "candidate_teacher_margin": 0.0,
            "baseline_teacher_rank": 1,
            "candidate_teacher_rank": 1,
            "signatures": {
              "fen_hash": "e4a350c67939d88d714abedc3694d854e15ac0396a648403418537a1763f170d",
              "normalized_fen_hash": "2c1c673f90bd1a156b4e4657ed4d0234f28a55505f8ab5cd2c780d2dcd61e4ab",
              "side_to_move": "black"
            }
          },
          {
            "fen": "r2q1rk1/1pp3pp/2n5/2PBpp2/p5b1/6N1/PPP1P2P/R1BQ1RK1 b - - 0 14",
            "side": "black",
            "teacher_move": "g8h8",
            "baseline_top_move": "f8f7",
            "candidate_top_move": "f8f7",
            "baseline_teacher_agreement": false,
            "candidate_teacher_agreement": false,
            "candidate_matches_teacher": false,
            "teacher_margin_before": -119.0,
            "teacher_margin_after": -110.0,
            "margin_delta": 9.0,
            "baseline_teacher_margin": -119.0,
            "candidate_teacher_margin": -110.0,
            "baseline_teacher_rank": 2,
            "candidate_teacher_rank": 2,
            "signatures": {
              "fen_hash": "84fc632992deb54071cdf7014c830a929122b394063db55d99f484caf28634bd",
              "normalized_fen_hash": "a30192c67fb870de72445b3855649c3d19a66764d3732fbcc4c589942e432031",
              "side_to_move": "black"
            }
          },
          {
            "fen": "k1r5/8/8/2N4P/R4K2/8/PP5P/8 b - - 2 45",
            "side": "black",
            "teacher_move": "a8b8",
            "baseline_top_move": "a8b8",
            "candidate_top_move": "a8b8",
            "baseline_teacher_agreement": true,
            "candidate_teacher_agreement": true,
            "candidate_matches_teacher": true,
            "teacher_margin_before": 0.0,
            "teacher_margin_after": 0.0,
            "margin_delta": 0.0,
            "baseline_teacher_margin": 0.0,
            "candidate_teacher_margin": 0.0,
            "baseline_teacher_rank": 1,
            "candidate_teacher_rank": 1,
            "signatures": {
              "fen_hash": "b45b991b6a53ad12f4e97149cd0732a56da630a1aeeb490c1952ac8cac7d4e8f",
              "normalized_fen_hash": "217ba9d4a366d8aab3d5081a033617f435a1fcd3678cc8984d83eb1824f1ed5b",
              "side_to_move": "black"
            }
          },
          {
            "fen": "1k5r/3N1R2/7p/1p1n2p1/b5P1/6K1/PP5P/2R5 b - - 13 35",
            "side": "black",
            "teacher_move": "b8a8",
            "baseline_top_move": "b8a7",
            "candidate_top_move": "b8a8",
            "baseline_teacher_agreement": false,
            "candidate_teacher_agreement": true,
            "candidate_matches_teacher": true,
            "teacher_margin_before": -6.0,
            "teacher_margin_after": 0.0,
            "margin_delta": 6.0,
            "baseline_teacher_margin": -6.0,
            "candidate_teacher_margin": 0.0,
            "baseline_teacher_rank": 3,
            "candidate_teacher_rank": 1,
            "signatures": {
              "fen_hash": "e9e4affe90ab617141673d364efca38b8d01da06e178b233223c396e60b452f2",
              "normalized_fen_hash": "97305269b8ff584191822c832d2e5a22306536f89fda6834655bed143f279c5c",
              "side_to_move": "black"
            }
          },
          {
            "fen": "rnbqk1nr/pppp1ppp/8/4p3/4P3/2NB4/PPPP1bPP/R1BQK1NR w KQkq - 0 4",
            "side": "white",
            "teacher_move": "e1f1",
            "baseline_top_move": "e1e2",
            "candidate_top_move": "e1e2",
            "baseline_teacher_agreement": false,
            "candidate_teacher_agreement": false,
            "candidate_matches_teacher": false,
            "teacher_margin_before": -179.0,
            "teacher_margin_after": -171.0,
            "margin_delta": 8.0,
            "baseline_teacher_margin": -179.0,
            "candidate_teacher_margin": -171.0,
            "baseline_teacher_rank": 2,
            "candidate_teacher_rank": 2,
            "signatures": {
              "fen_hash": "a2c6facd3cd1ddcd3ade975927d03b1a8bfd2e5268dfd09ab84eb45347533137",
              "normalized_fen_hash": "02de17e2f4c2f0f9767f1a6fdae771564b186a2f46f149ab838a5f904ea7e410",
              "side_to_move": "white"
            }
          }
        ],
        "retrain_effect_not_visible": false,
        "learned_train_not_generalized": true,
        "retrain_not_loaded": false,
        "update_too_weak": false,
        "PVS_decision_not_sensitive_to_weights": false,
        "teacher_target_not_aligned_with_gate_score": false,
        "train_improved_but_metric_mismatch": true
      },
      "leakage": {
        "train_rows": 31,
        "validation_rows": 0,
        "held_out_rows": 14,
        "overlap_count": 0,
        "held_out_in_training": false,
        "overlap_examples": []
      },
      "smoke_audit": [
        {
          "smoke_case_id": "559ff6b9dc92dd9d057f63ac91de2bf24d3517c0d9369ad425ed7c33c80e5131_smoke",
          "fen": "r4rk1/7p/2p5/2P1Bbp1/p1PR4/4p3/PP2P2P/R5K1 b - - 1 22",
          "expected_or_teacher_move": "a8a5",
          "baseline_move": "a4a3",
          "candidate_move": "a4a3",
          "failure_reason": "baseline_also_fail"
        },
        {
          "smoke_case_id": "1e9fe804a51079c6889a02b1e08af706e3664a9cdc92e186c9ca169fd97b7737_smoke",
          "fen": "5rk1/7p/r1p5/2P1BbP1/p1PR4/4p3/PP2P3/R5K1 b - - 0 24",
          "expected_or_teacher_move": "a6a5",
          "baseline_move": "a4a3",
          "candidate_move": "a4a3",
          "failure_reason": "baseline_also_fail"
        },
        {
          "smoke_case_id": "cdd62e2dc564b971cdcb6638383846db50fdacb2756923409f92cfed087324b5_smoke",
          "fen": "r1r4k/pp1p1ppp/2n4n/2p1p3/P1P1P3/3B1P2/1P1PK2P/R1BQ3R w - - 1 13",
          "expected_or_teacher_move": "e2e1",
          "baseline_move": "a1a2",
          "candidate_move": "a1a2",
          "failure_reason": "baseline_also_fail"
        },
        {
          "smoke_case_id": "d84deca19657d936dbc2c6ee0906321a94990c81de5014e0a9b87949a560c27f_smoke",
          "fen": "4r1k1/8/8/4n3/8/3K4/r7/8 w - - 8 58",
          "expected_or_teacher_move": "d3d4",
          "baseline_move": "d3c3",
          "candidate_move": "d3c3",
          "failure_reason": "multi_good_tie"
        }
      ],
      "smoke_audit_failed": false,
      "train_payload": {
        "ok": true,
        "engine": "experiment 5:nnue",
        "retrain_supported": true,
        "training_applied": true,
        "reason": "basic exp5 NNUE-like replay trainer; strength validation and promotion gates are pending exp5-specific design",
        "accepted_samples": 31,
        "rejected_samples": 0,
        "replay_size": 31,
        "model_path": "docs/games/2026-05-13_exp5_normal_retrain_smoke_v11/repeatability_gate/run_1_seed_31/candidate/chess_experiment_5_nnue.json",
        "replay_path": "docs/games/2026-05-13_exp5_normal_retrain_smoke_v11/repeatability_gate/run_1_seed_31/candidate/chess_experiment_5_nnue_replay.jsonl",
        "sample_count": 1945,
        "sample_format": "exp5_nnue_position_move_v1",
        "training_objective": "position_move_evaluator_delta",
        "positive_updates": 62,
        "hard_negative_updates": 46,
        "epochs": 2,
        "policy_probe": {
          "supported": true,
          "before": {
            "fen": "r2qnrk1/pp2bppp/8/2p2Q2/2PpPB2/5N2/PP2NPPP/2KR1B1R w - - 0 12",
            "side": "white",
            "expected_move": "a2a4",
            "raw_policy_top1": "e2c3",
            "expected_move_rank": 8,
            "expected_move_probability": 0.03190347,
            "expected_move_logit": 2050.0,
            "old_move": "e2c3",
            "old_move_rank": 1,
            "margin_vs_old_move": -161.0
          },
          "after": {
            "fen": "r2qnrk1/pp2bppp/8/2p2Q2/2PpPB2/5N2/PP2NPPP/2KR1B1R w - - 0 12",
            "side": "white",
            "expected_move": "a2a4",
            "raw_policy_top1": "f3e5",
            "expected_move_rank": 8,
            "expected_move_probability": 0.03307426,
            "expected_move_logit": 2123.0,
            "old_move": "f3e5",
            "old_move_rank": 1,
            "margin_vs_old_move": -63.0
          },
          "training_applied": true,
          "expected_rank_delta": 0,
          "expected_margin_delta": 98.0,
          "raw_policy_top1_changed_to_expected": false
        },
        "input_rows": 31,
        "auto_hard_negative_topk": 2,
        "epochs_requested": 2,
        "hard_negative_audit_summary": {
          "auto_hard_negative_topk": 2,
          "multi_good_margin_cp": 35.0,
          "multi_good_margin_units": "raw_policy_score (centipawn-scaled but blended with move-order bonus)",
          "raw_policy_score_scale": "centipawn-ish",
          "hard_negative_injected_count": 23,
          "hard_negative_preexisting_count": 0,
          "hard_negative_overlap_with_teacher_top3_count": 48,
          "hard_negative_excluded_as_multi_good_count": 1,
          "hard_negative_excluded_as_teacher_top3_count": 48,
          "hard_negative_excluded_as_teacher_top5_count": 16,
          "exclude_teacher_top5_from_hn": true,
          "samples_with_injection": 12,
          "samples_total": 31,
          "samples_missing_teacher_top3_count": 0,
          "samples_missing_teacher_top5_count": 0,
          "candidate_score_far_above_teacher_count": 0,
          "candidate_score_far_above_teacher_threshold_cp": 250.0,
          "hard_negative_source_model_path": "services/games/models/chess_experiment_5_nnue.json",
          "hard_negative_audit_path": "docs/games/2026-05-13_exp5_normal_retrain_smoke_v11/repeatability_gate/run_1_seed_31/hard_negative_audit.jsonl"
        },
        "label_quality_weighting": {
          "applied": true,
          "weight_clean": 0.75,
          "weight_review": 0.3,
          "weight_questionable": 0.0,
          "epochs": 2,
          "rows_clean": 21,
          "rows_review": 10,
          "rows_questionable": 0,
          "rows_unlabeled": 0,
          "rows_dropped_questionable_weight_zero": 0,
          "rows_after_weighting": 31,
          "positive_updates_by_label_quality": {
            "clean": 42,
            "review": 20,
            "questionable": 0,
            "unlabeled": 0
          },
          "effective_update_mass_by_label_quality": {
            "clean": 453.6000000000002,
            "review": 86.4,
            "questionable": 0.0,
            "unlabeled": 0.0
          },
          "review_weight_not_effective": false,
          "_LEARNING_RATE_mirror": 18.0,
          "mass_per_row_clean": 21.6,
          "mass_per_row_review": 8.64,
          "mass_per_row_review_to_clean_ratio": 0.4
        },
        "strength_validation_supported": false,
        "promotion_gate_supported": false,
        "next_design_required": "exp5-specific deterministic strength evaluator and promotion gate"
      },
      "training_config": {
        "epochs": 2,
        "auto_hard_negative_topk": 2,
        "multi_good_margin_cp": 35.0,
        "label_quality_weight_clean": 0.75,
        "label_quality_weight_review": 0.3,
        "label_quality_weight_questionable": 0.0,
        "positive_updates": 62,
        "hard_negative_updates": 46,
        "epochs_actual": 2,
        "search_profile": "fixed_depth_strong"
      },
      "label_quality_weighting": {
        "applied": true,
        "weight_clean": 0.75,
        "weight_review": 0.3,
        "weight_questionable": 0.0,
        "epochs": 2,
        "rows_clean": 21,
        "rows_review": 10,
        "rows_questionable": 0,
        "rows_unlabeled": 0,
        "rows_dropped_questionable_weight_zero": 0,
        "rows_after_weighting": 31,
        "positive_updates_by_label_quality": {
          "clean": 42,
          "review": 20,
          "questionable": 0,
          "unlabeled": 0
        },
        "effective_update_mass_by_label_quality": {
          "clean": 453.6000000000002,
          "review": 86.4,
          "questionable": 0.0,
          "unlabeled": 0.0
        },
        "review_weight_not_effective": false,
        "_LEARNING_RATE_mirror": 18.0,
        "mass_per_row_clean": 21.6,
        "mass_per_row_review": 8.64,
        "mass_per_row_review_to_clean_ratio": 0.4
      },
      "hard_negative_audit_summary": {
        "auto_hard_negative_topk": 2,
        "multi_good_margin_cp": 35.0,
        "multi_good_margin_units": "raw_policy_score (centipawn-scaled but blended with move-order bonus)",
        "raw_policy_score_scale": "centipawn-ish",
        "hard_negative_injected_count": 23,
        "hard_negative_preexisting_count": 0,
        "hard_negative_overlap_with_teacher_top3_count": 48,
        "hard_negative_excluded_as_multi_good_count": 1,
        "hard_negative_excluded_as_teacher_top3_count": 48,
        "hard_negative_excluded_as_teacher_top5_count": 16,
        "exclude_teacher_top5_from_hn": true,
        "samples_with_injection": 12,
        "samples_total": 31,
        "samples_missing_teacher_top3_count": 0,
        "samples_missing_teacher_top5_count": 0,
        "candidate_score_far_above_teacher_count": 0,
        "candidate_score_far_above_teacher_threshold_cp": 250.0,
        "hard_negative_source_model_path": "services/games/models/chess_experiment_5_nnue.json",
        "hard_negative_audit_path": "docs/games/2026-05-13_exp5_normal_retrain_smoke_v11/repeatability_gate/run_1_seed_31/hard_negative_audit.jsonl"
      },
      "gate_payload_path": "docs/games/2026-05-13_exp5_normal_retrain_smoke_v11/repeatability_gate/run_1_seed_31/gate_summary.jsonl",
      "gate_payload": {
        "pass": false,
        "reasons": [
          "deterministic_case_pass_rate_too_low",
          "candidate_score_not_above_baseline",
          "benchmark_report_missing_for_shadow_or_production"
        ]
      }
    }
  ],
  "reports": {
    "json": "docs/games/2026-05-13_exp5_normal_retrain_smoke_v11/repeatability_gate/chess_exp5_repeatability_20260513_132003.128888.json",
    "md": "docs/games/2026-05-13_exp5_normal_retrain_smoke_v11/repeatability_gate/chess_exp5_repeatability_20260513_132003.128888.md"
  }
}
