{
  "ok": true,
  "engine": "experiment 5:nnue",
  "teacher_depth": 2,
  "input_rows": 180,
  "input_fen_count": 180,
  "accepted_samples": 45,
  "distilled_rows": 45,
  "skipped_rows": 135,
  "output_jsonl": "docs/games/2026-05-13_exp5_normal_retrain_smoke_v11/normal_teacher_distill_all.jsonl",
  "sample_format": "exp5_nnue_position_move_v1",
  "retrain_input_compatible": true,
  "baseline_model_path": "services/games/models/chess_experiment_5_nnue.json",
  "drop_questionable": true,
  "label_quality_far_above_cp": 250.0,
  "label_quality_review_cp": 80.0,
  "teacher_top_k": 5,
  "teacher_top_k_method": "one_ply_static_eval",
  "static_teacher_top_k": true,
  "baseline_probe_profile": "fixed_depth_fast",
  "audit_jsonl": "docs/games/2026-05-13_exp5_normal_retrain_smoke_v11/normal_teacher_distill_audit.jsonl",
  "quarantine_jsonl": "docs/games/2026-05-13_exp5_normal_retrain_smoke_v11/normal_teacher_distill_quarantine.jsonl",
  "quarantine_rows_written": 133,
  "source_category": "user_games",
  "confidence_score_baseline": 0.42,
  "eval_mod": 5,
  "quality_audit": {
    "input_fen_count": 180,
    "distilled_rows": 45,
    "duplicate_ratio": 0.0,
    "legal_teacher_move_rate": 1.0,
    "suspicious_teacher_move_rate": 0.011111,
    "teacher_top1_available_rate": 1.0,
    "teacher_score_available_rate": 0.0,
    "rejected_reasons": {
      "label_questionable_dropped": 133,
      "suspicious_teacher_move": 2
    },
    "clean_training_rows": 45,
    "label_quality_summary": {
      "pass": false,
      "policy": "illegal or suspicious teacher rows are excluded from clean exp5 training targets",
      "raw_rows": 180,
      "output_rows": 45,
      "clean_rows": 27,
      "review_rows": 18,
      "questionable_rows": 133,
      "dropped_questionable_rows": 133,
      "clean_ratio": 0.151685,
      "questionable_by_baseline_policy_gap_count": 133,
      "teacher_top3_does_not_contain_teacher_move_count": 127,
      "missing_teacher_top3_count": 127,
      "baseline_policy_gap_avg": 2071.882,
      "baseline_policy_gap_max": 18574.0,
      "far_above_threshold_cp": 250.0,
      "review_threshold_cp": 80.0,
      "teacher_top_k_method": "one_ply_static_eval",
      "static_teacher_top_k": true
    }
  },
  "strength_validation_supported": false,
  "promotion_gate_supported": false
}
